[35m[Appium][39m Welcome to Appium v1.21.0
[35m[Appium][39m Non-default server args:
[35m[Appium][39m   port: 62854
[35m[Appium][39m   loglevel: info
[35m[Appium][39m   tmpDir: C:\Users\AHMED~1.SAM\AppData\Local\Temp\\Katalon\Appium\Temp1717506192063
[35m[Appium][39m   chromedriverPort: 62855
[35m[Appium][39m Deprecated server args:
[35m[Appium][39m   [31m--chromedriver-port[39m => --default-capabilities
[35m[Appium][39m Default capabilities, which will be added to each request unless overridden by desired capabilities:
[35m[Appium][39m   chromedriverPort: 62855
[35m[Appium][39m Appium REST http interface listener started on 0.0.0.0:62854
[35m[HTTP][39m [37m-->[39m [37mGET[39m [37m/wd/hub/status[39m
[35m[HTTP][39m [90m{}[39m
[35m[HTTP][39m [37m<-- GET /wd/hub/status [39m[32m200[39m [90m5 ms - 68[39m
[35m[HTTP][39m [90m[39m
[35m[HTTP][39m [37m-->[39m [37mGET[39m [37m/wd/hub/status[39m
[35m[HTTP][39m [90m{}[39m
[35m[HTTP][39m [37m<-- GET /wd/hub/status [39m[32m200[39m [90m1 ms - 68[39m
[35m[HTTP][39m [90m[39m
[35m[HTTP][39m [37m-->[39m [37mPOST[39m [37m/wd/hub/session[39m
[35m[HTTP][39m [90m{"desiredCapabilities":{"appActivity":".Settings","appPackage":"com.android.settings","newCommandTimeout":1800,"platformVersion":"14","automationName":"uiautomator2","autoGrantPermissions":true,"platformName":"Android","udid":"emulator-5554","deviceName":"emulator-5554 (sdk_gphone64_x86_64 - Android 14)","platform":"ANDROID","systemPort":8213},"capabilities":{"firstMatch":[{"appium:appActivity":".Settings","appium:appPackage":"com.android.settings","appium:autoGrantPermissions":true,"appium:automationName":"uiautomator2","appium:deviceName":"emulator-5554 (sdk_gphone64_x86_64 - Android 14)","appium:newCommandTimeout":1800,"platform":"ANDROID","platformName":"android","appium:platformVersion":"14","appium:systemPort":8213,"appium:udid":"emulator-5554"}]}}[39m
[35m[BaseDriver][39m The following capabilities are not standard capabilities and should have an extension prefix:
[35m[BaseDriver][39m   platform
[35m[BaseDriver][39m   chromedriverPort
[35m[Appium][39m Appium v1.21.0 creating new AndroidUiautomator2Driver (v1.65.0) session
[35m[BaseDriver][39m The following capabilities were provided, but are not recognized by Appium:
[35m[BaseDriver][39m   platform
[35m[BaseDriver][39m Session created with session id: a57178bc-0716-433f-81c6-ab8de8db89d1
[35m[UiAutomator2][39m Starting 'com.android.settings' directly on the device
[35m[ADB][39m Found 1 'build-tools' folders under 'C:\Users\ahmed.samir\.katalon\tools\android_sdk' (newest first):
[35m[ADB][39m     C:/Users/ahmed.samir/.katalon/tools/android_sdk/build-tools/29.0.3
[35m[ADB][39m Using 'adb.exe' from 'C:\Users\ahmed.samir\.katalon\tools\android_sdk\platform-tools\adb.exe'
[35m[AndroidDriver][39m Retrieving device list
[35m[AndroidDriver][39m Using device: emulator-5554
[35m[ADB][39m Using 'adb.exe' from 'C:\Users\ahmed.samir\.katalon\tools\android_sdk\platform-tools\adb.exe'
[35m[ADB][39m Getting device platform version
[35m[UiAutomator2][39m Relaxing hidden api policy
[35m[AndroidDriver][39m No app sent in, not parsing package/activity
[35m[ADB][39m Using 'apksigner.jar' from 'C:\Users\ahmed.samir\.katalon\tools\android_sdk\build-tools\29.0.3\lib\apksigner.jar'
[35m[ADB][39m 'C:\Users\ahmed.samir\AppData\Roaming\npm\node_modules\appium\node_modules\appium-uiautomator2-server\apks\appium-uiautomator2-server-v4.21.1.apk' is signed with the default certificate
[35m[ADB][39m 'C:\Users\ahmed.samir\AppData\Roaming\npm\node_modules\appium\node_modules\appium-uiautomator2-server\apks\appium-uiautomator2-server-debug-androidTest.apk' is signed with the default certificate
[35m[UiAutomator2][39m Server packages are not going to be (re)installed
[35m[ADB][39m Adding packages ["io.appium.settings","io.appium.uiautomator2.server","io.appium.uiautomator2.server.test"] to Doze whitelist
[35m[UiAutomator2][39m Starting UIAutomator2 server 4.21.1
[35m[UiAutomator2][39m Using UIAutomator2 server from 'C:\Users\ahmed.samir\AppData\Roaming\npm\node_modules\appium\node_modules\appium-uiautomator2-server\apks\appium-uiautomator2-server-v4.21.1.apk' and test from 'C:\Users\ahmed.samir\AppData\Roaming\npm\node_modules\appium\node_modules\appium-uiautomator2-server\apks\appium-uiautomator2-server-debug-androidTest.apk'
[35m[UiAutomator2][39m Waiting up to 30000ms for UiAutomator2 to be online...
[35m[WD Proxy][39m socket hang up
[35m[WD Proxy][39m socket hang up
[35m[WD Proxy][39m socket hang up
[35m[WD Proxy][39m socket hang up
[35m[WD Proxy][39m Determined the downstream protocol as 'W3C'
[35m[AndroidDriver][39m Screen already unlocked, doing nothing
[35m[UiAutomator2][39m Starting 'com.android.settings/.Settings and waiting for 'com.android.settings/.Settings'
[35m[Appium][39m New AndroidUiautomator2Driver session created successfully, session a57178bc-0716-433f-81c6-ab8de8db89d1 added to master session list
[35m[HTTP][39m [37m<-- POST /wd/hub/session [39m[32m200[39m [90m12943 ms - 1191[39m
[35m[HTTP][39m [90m[39m
[35m[HTTP][39m [37m-->[39m [37mGET[39m [37m/wd/hub/session/a57178bc-0716-433f-81c6-ab8de8db89d1[39m
[35m[HTTP][39m [90m{}[39m
[35m[HTTP][39m [37m<-- GET /wd/hub/session/a57178bc-0716-433f-81c6-ab8de8db89d1 [39m[32m200[39m [90m60 ms - 1145[39m
[35m[HTTP][39m [90m[39m
[35m[HTTP][39m [37m-->[39m [37mGET[39m [37m/wd/hub/session/a57178bc-0716-433f-81c6-ab8de8db89d1[39m
[35m[HTTP][39m [90m{}[39m
[35m[HTTP][39m [37m<-- GET /wd/hub/session/a57178bc-0716-433f-81c6-ab8de8db89d1 [39m[32m200[39m [90m95 ms - 1145[39m
[35m[HTTP][39m [90m[39m
[35m[HTTP][39m [37m-->[39m [37mGET[39m [37m/wd/hub/status[39m
[35m[HTTP][39m [90m{}[39m
[35m[HTTP][39m [37m<-- GET /wd/hub/status [39m[32m200[39m [90m2 ms - 68[39m
[35m[HTTP][39m [90m[39m
[35m[HTTP][39m [37m-->[39m [37mPOST[39m [37m/wd/hub/session/a57178bc-0716-433f-81c6-ab8de8db89d1/timeouts[39m
[35m[HTTP][39m [90m{"implicit":60000}[39m
[35m[HTTP][39m [37m<-- POST /wd/hub/session/a57178bc-0716-433f-81c6-ab8de8db89d1/timeouts [39m[32m200[39m [90m6 ms - 14[39m
[35m[HTTP][39m [90m[39m
[35m[HTTP][39m [37m-->[39m [37mGET[39m [37m/wd/hub/session/a57178bc-0716-433f-81c6-ab8de8db89d1/screenshot[39m
[35m[HTTP][39m [90m{}[39m
[35m[HTTP][39m [37m<-- GET /wd/hub/session/a57178bc-0716-433f-81c6-ab8de8db89d1/screenshot [39m[32m200[39m [90m1399 ms - 41046[39m
[35m[HTTP][39m [90m[39m
[35m[HTTP][39m [37m-->[39m [37mGET[39m [37m/wd/hub/session/a57178bc-0716-433f-81c6-ab8de8db89d1/window/rect[39m
[35m[HTTP][39m [90m{}[39m
[35m[HTTP][39m [37m<-- GET /wd/hub/session/a57178bc-0716-433f-81c6-ab8de8db89d1/window/rect [39m[32m200[39m [90m76 ms - 50[39m
[35m[HTTP][39m [90m[39m
[35m[HTTP][39m [37m-->[39m [37mGET[39m [37m/wd/hub/session/a57178bc-0716-433f-81c6-ab8de8db89d1/appium/device/system_bars[39m
[35m[HTTP][39m [90m{}[39m
[35m[HTTP][39m [37m<-- GET /wd/hub/session/a57178bc-0716-433f-81c6-ab8de8db89d1/appium/device/system_bars [39m[31m500[39m [90m237 ms - 659[39m
[35m[HTTP][39m [90m[39m
[35m[HTTP][39m [37m-->[39m [37mPOST[39m [37m/wd/hub/session/a57178bc-0716-433f-81c6-ab8de8db89d1/execute/sync[39m
[35m[HTTP][39m [90m{"script":"mobile:viewportRect","args":[]}[39m
[35m[AndroidDriver][39m Executing native command 'mobile:viewportRect'
[35m[HTTP][39m [37m<-- POST /wd/hub/session/a57178bc-0716-433f-81c6-ab8de8db89d1/execute/sync [39m[32m200[39m [90m30 ms - 56[39m
[35m[HTTP][39m [90m[39m
[35m[HTTP][39m [37m-->[39m [37mPOST[39m [37m/wd/hub/session/a57178bc-0716-433f-81c6-ab8de8db89d1/appium/device/activate_app[39m
[35m[HTTP][39m [90m{"bundleId":"com.androidsample.generalstore"}[39m
[35m[HTTP][39m [37m<-- POST /wd/hub/session/a57178bc-0716-433f-81c6-ab8de8db89d1/appium/device/activate_app [39m[32m200[39m [90m990 ms - 14[39m
[35m[HTTP][39m [90m[39m
[35m[HTTP][39m [37m-->[39m [37mGET[39m [37m/wd/hub/session/a57178bc-0716-433f-81c6-ab8de8db89d1/source[39m
[35m[HTTP][39m [90m{}[39m
[35m[W3C (a57178bc)][39m Driver proxy active, passing request on via HTTP proxy
[35m[WD Proxy][39m Replacing sessionId 8803daef-e76d-47ba-b27f-b741a084e5a3 with a57178bc-0716-433f-81c6-ab8de8db89d1
[35m[HTTP][39m [37m<-- GET /wd/hub/session/a57178bc-0716-433f-81c6-ab8de8db89d1/source [39m[32m200[39m [90m1144 ms - 11079[39m
[35m[HTTP][39m [90m[39m
[35m[HTTP][39m [37m-->[39m [37mGET[39m [37m/wd/hub/session/a57178bc-0716-433f-81c6-ab8de8db89d1/screenshot[39m
[35m[HTTP][39m [90m{}[39m
[35m[HTTP][39m [37m<-- GET /wd/hub/session/a57178bc-0716-433f-81c6-ab8de8db89d1/screenshot [39m[32m200[39m [90m1707 ms - 780000[39m
[35m[HTTP][39m [90m[39m
[35m[HTTP][39m [37m-->[39m [37mGET[39m [37m/wd/hub/session/a57178bc-0716-433f-81c6-ab8de8db89d1/source[39m
[35m[HTTP][39m [90m{}[39m
[35m[W3C (a57178bc)][39m Driver proxy active, passing request on via HTTP proxy
[35m[WD Proxy][39m Replacing sessionId 8803daef-e76d-47ba-b27f-b741a084e5a3 with a57178bc-0716-433f-81c6-ab8de8db89d1
[35m[HTTP][39m [37m<-- GET /wd/hub/session/a57178bc-0716-433f-81c6-ab8de8db89d1/source [39m[32m200[39m [90m126 ms - 11050[39m
[35m[HTTP][39m [90m[39m
[35m[HTTP][39m [37m-->[39m [37mGET[39m [37m/wd/hub/session/a57178bc-0716-433f-81c6-ab8de8db89d1/screenshot[39m
[35m[HTTP][39m [90m{}[39m
[35m[HTTP][39m [37m<-- GET /wd/hub/session/a57178bc-0716-433f-81c6-ab8de8db89d1/screenshot [39m[32m200[39m [90m1266 ms - 779906[39m
[35m[HTTP][39m [90m[39m
[35m[HTTP][39m [37m-->[39m [37mPOST[39m [37m/wd/hub/session/a57178bc-0716-433f-81c6-ab8de8db89d1/elements[39m
[35m[HTTP][39m [90m{"using":"xpath","value":"//*[@class = 'android.widget.Button' and (@text = concat(\"Let\" , \"'\" , \"s  Shop\") or . = concat(\"Let\" , \"'\" , \"s  Shop\")) and @resource-id = 'com.androidsample.generalstore:id/btnLetsShop']"}[39m
[35m[HTTP][39m [37m<-- POST /wd/hub/session/a57178bc-0716-433f-81c6-ab8de8db89d1/elements [39m[32m200[39m [90m378 ms - 139[39m
[35m[HTTP][39m [90m[39m
[35m[HTTP][39m [37m-->[39m [37mGET[39m [37m/wd/hub/session/a57178bc-0716-433f-81c6-ab8de8db89d1/source[39m
[35m[HTTP][39m [90m{}[39m
[35m[W3C (a57178bc)][39m Driver proxy active, passing request on via HTTP proxy
[35m[WD Proxy][39m Replacing sessionId 8803daef-e76d-47ba-b27f-b741a084e5a3 with a57178bc-0716-433f-81c6-ab8de8db89d1
[35m[HTTP][39m [37m<-- GET /wd/hub/session/a57178bc-0716-433f-81c6-ab8de8db89d1/source [39m[32m200[39m [90m127 ms - 11050[39m
[35m[HTTP][39m [90m[39m
[35m[HTTP][39m [37m-->[39m [37mGET[39m [37m/wd/hub/session/a57178bc-0716-433f-81c6-ab8de8db89d1/screenshot[39m
[35m[HTTP][39m [90m{}[39m
[35m[HTTP][39m [37m<-- GET /wd/hub/session/a57178bc-0716-433f-81c6-ab8de8db89d1/screenshot [39m[32m200[39m [90m1146 ms - 779906[39m
[35m[HTTP][39m [90m[39m
[35m[HTTP][39m [37m-->[39m [37mGET[39m [37m/wd/hub/session/a57178bc-0716-433f-81c6-ab8de8db89d1/source[39m
[35m[HTTP][39m [90m{}[39m
[35m[W3C (a57178bc)][39m Driver proxy active, passing request on via HTTP proxy
[35m[WD Proxy][39m Replacing sessionId 8803daef-e76d-47ba-b27f-b741a084e5a3 with a57178bc-0716-433f-81c6-ab8de8db89d1
[35m[HTTP][39m [37m<-- GET /wd/hub/session/a57178bc-0716-433f-81c6-ab8de8db89d1/source [39m[32m200[39m [90m197 ms - 20979[39m
[35m[HTTP][39m [90m[39m
[35m[HTTP][39m [37m-->[39m [37mGET[39m [37m/wd/hub/session/a57178bc-0716-433f-81c6-ab8de8db89d1/screenshot[39m
[35m[HTTP][39m [90m{}[39m
[35m[HTTP][39m [37m<-- GET /wd/hub/session/a57178bc-0716-433f-81c6-ab8de8db89d1/screenshot [39m[32m200[39m [90m837 ms - 535914[39m
[35m[HTTP][39m [90m[39m
[35m[HTTP][39m [37m-->[39m [37mPOST[39m [37m/wd/hub/session/a57178bc-0716-433f-81c6-ab8de8db89d1/elements[39m
[35m[HTTP][39m [90m{"using":"xpath","value":"//*[@class = 'android.widget.TextView' and (@text = 'ADD TO CART' or . = 'ADD TO CART') and @resource-id = 'com.androidsample.generalstore:id/productAddCart']"}[39m
[35m[HTTP][39m [37m<-- POST /wd/hub/session/a57178bc-0716-433f-81c6-ab8de8db89d1/elements [39m[32m200[39m [90m166 ms - 395[39m
[35m[HTTP][39m [90m[39m
[35m[HTTP][39m [37m-->[39m [37mPOST[39m [37m/wd/hub/session/a57178bc-0716-433f-81c6-ab8de8db89d1/elements[39m
[35m[HTTP][39m [90m{"using":"id","value":"com.androidsample.generalstore:id/productAddCart"}[39m
[35m[HTTP][39m [37m<-- POST /wd/hub/session/a57178bc-0716-433f-81c6-ab8de8db89d1/elements [39m[32m200[39m [90m80 ms - 395[39m
[35m[HTTP][39m [90m[39m
[35m[HTTP][39m [37m-->[39m [37mPOST[39m [37m/wd/hub/session/a57178bc-0716-433f-81c6-ab8de8db89d1/elements[39m
[35m[HTTP][39m [90m{"using":"-android uiautomator","value":"new UiSelector().className(\"android.widget.TextView\").text(\"ADD TO CART\").resourceId(\"com.androidsample.generalstore:id/productAddCart\")"}[39m
[35m[HTTP][39m [37m<-- POST /wd/hub/session/a57178bc-0716-433f-81c6-ab8de8db89d1/elements [39m[32m200[39m [90m175 ms - 395[39m
[35m[HTTP][39m [90m[39m
[35m[HTTP][39m [37m-->[39m [37mPOST[39m [37m/wd/hub/session/a57178bc-0716-433f-81c6-ab8de8db89d1/elements[39m
[35m[HTTP][39m [90m{"using":"xpath","value":"//*[@class = 'android.widget.TextView' and (@text = 'ADD TO CART' or . = 'ADD TO CART') and @resource-id = 'com.androidsample.generalstore:id/productAddCart']"}[39m
[35m[HTTP][39m [37m<-- POST /wd/hub/session/a57178bc-0716-433f-81c6-ab8de8db89d1/elements [39m[32m200[39m [90m162 ms - 395[39m
[35m[HTTP][39m [90m[39m
[35m[HTTP][39m [37m-->[39m [37mPOST[39m [37m/wd/hub/session/a57178bc-0716-433f-81c6-ab8de8db89d1/elements[39m
[35m[HTTP][39m [90m{"using":"id","value":"com.androidsample.generalstore:id/productAddCart"}[39m
[35m[HTTP][39m [37m<-- POST /wd/hub/session/a57178bc-0716-433f-81c6-ab8de8db89d1/elements [39m[32m200[39m [90m89 ms - 395[39m
[35m[HTTP][39m [90m[39m
[35m[HTTP][39m [37m-->[39m [37mPOST[39m [37m/wd/hub/session/a57178bc-0716-433f-81c6-ab8de8db89d1/elements[39m
[35m[HTTP][39m [90m{"using":"-android uiautomator","value":"new UiSelector().className(\"android.widget.TextView\").text(\"ADD TO CART\").resourceId(\"com.androidsample.generalstore:id/productAddCart\")"}[39m
[35m[HTTP][39m [37m<-- POST /wd/hub/session/a57178bc-0716-433f-81c6-ab8de8db89d1/elements [39m[32m200[39m [90m159 ms - 395[39m
[35m[HTTP][39m [90m[39m
[35m[HTTP][39m [37m-->[39m [37mPOST[39m [37m/wd/hub/session/a57178bc-0716-433f-81c6-ab8de8db89d1/elements[39m
[35m[HTTP][39m [90m{"using":"xpath","value":"//*[@class = 'android.widget.TextView' and (@text = 'ADD TO CART' or . = 'ADD TO CART') and @resource-id = 'com.androidsample.generalstore:id/productAddCart']"}[39m
[35m[HTTP][39m [37m<-- POST /wd/hub/session/a57178bc-0716-433f-81c6-ab8de8db89d1/elements [39m[32m200[39m [90m154 ms - 395[39m
[35m[HTTP][39m [90m[39m
[35m[HTTP][39m [37m-->[39m [37mPOST[39m [37m/wd/hub/session/a57178bc-0716-433f-81c6-ab8de8db89d1/elements[39m
[35m[HTTP][39m [90m{"using":"id","value":"com.androidsample.generalstore:id/productAddCart"}[39m
[35m[HTTP][39m [37m<-- POST /wd/hub/session/a57178bc-0716-433f-81c6-ab8de8db89d1/elements [39m[32m200[39m [90m94 ms - 395[39m
[35m[HTTP][39m [90m[39m
[35m[HTTP][39m [37m-->[39m [37mPOST[39m [37m/wd/hub/session/a57178bc-0716-433f-81c6-ab8de8db89d1/elements[39m
[35m[HTTP][39m [90m{"using":"-android uiautomator","value":"new UiSelector().className(\"android.widget.TextView\").text(\"ADD TO CART\").resourceId(\"com.androidsample.generalstore:id/productAddCart\")"}[39m
[35m[HTTP][39m [37m<-- POST /wd/hub/session/a57178bc-0716-433f-81c6-ab8de8db89d1/elements [39m[32m200[39m [90m170 ms - 395[39m
[35m[HTTP][39m [90m[39m
[35m[HTTP][39m [37m-->[39m [37mPOST[39m [37m/wd/hub/session/a57178bc-0716-433f-81c6-ab8de8db89d1/elements[39m
[35m[HTTP][39m [90m{"using":"xpath","value":"//*[@class = 'android.widget.TextView' and (@text = 'ADD TO CART' or . = 'ADD TO CART') and @resource-id = 'com.androidsample.generalstore:id/productAddCart']"}[39m
[35m[HTTP][39m [37m<-- POST /wd/hub/session/a57178bc-0716-433f-81c6-ab8de8db89d1/elements [39m[32m200[39m [90m183 ms - 395[39m
[35m[HTTP][39m [90m[39m
[35m[HTTP][39m [37m-->[39m [37mPOST[39m [37m/wd/hub/session/a57178bc-0716-433f-81c6-ab8de8db89d1/elements[39m
[35m[HTTP][39m [90m{"using":"id","value":"com.androidsample.generalstore:id/productAddCart"}[39m
[35m[HTTP][39m [37m<-- POST /wd/hub/session/a57178bc-0716-433f-81c6-ab8de8db89d1/elements [39m[32m200[39m [90m120 ms - 395[39m
[35m[HTTP][39m [90m[39m
[35m[HTTP][39m [37m-->[39m [37mPOST[39m [37m/wd/hub/session/a57178bc-0716-433f-81c6-ab8de8db89d1/elements[39m
[35m[HTTP][39m [90m{"using":"-android uiautomator","value":"new UiSelector().className(\"android.widget.TextView\").text(\"ADD TO CART\").resourceId(\"com.androidsample.generalstore:id/productAddCart\")"}[39m
[35m[HTTP][39m [37m<-- POST /wd/hub/session/a57178bc-0716-433f-81c6-ab8de8db89d1/elements [39m[32m200[39m [90m201 ms - 395[39m
[35m[HTTP][39m [90m[39m
[35m[HTTP][39m [37m-->[39m [37mPOST[39m [37m/wd/hub/session/a57178bc-0716-433f-81c6-ab8de8db89d1/elements[39m
[35m[HTTP][39m [90m{"using":"xpath","value":"//*[@class = 'android.widget.TextView' and (@text = 'ADD TO CART' or . = 'ADD TO CART') and @resource-id = 'com.androidsample.generalstore:id/productAddCart']"}[39m
[35m[HTTP][39m [37m<-- POST /wd/hub/session/a57178bc-0716-433f-81c6-ab8de8db89d1/elements [39m[32m200[39m [90m172 ms - 395[39m
[35m[HTTP][39m [90m[39m
[35m[HTTP][39m [37m-->[39m [37mPOST[39m [37m/wd/hub/session/a57178bc-0716-433f-81c6-ab8de8db89d1/elements[39m
[35m[HTTP][39m [90m{"using":"id","value":"com.androidsample.generalstore:id/productAddCart"}[39m
[35m[HTTP][39m [37m<-- POST /wd/hub/session/a57178bc-0716-433f-81c6-ab8de8db89d1/elements [39m[32m200[39m [90m102 ms - 395[39m
[35m[HTTP][39m [90m[39m
[35m[HTTP][39m [37m-->[39m [37mPOST[39m [37m/wd/hub/session/a57178bc-0716-433f-81c6-ab8de8db89d1/elements[39m
[35m[HTTP][39m [90m{"using":"-android uiautomator","value":"new UiSelector().className(\"android.widget.TextView\").text(\"ADD TO CART\").resourceId(\"com.androidsample.generalstore:id/productAddCart\")"}[39m
[35m[HTTP][39m [37m<-- POST /wd/hub/session/a57178bc-0716-433f-81c6-ab8de8db89d1/elements [39m[32m200[39m [90m149 ms - 395[39m
[35m[HTTP][39m [90m[39m
[35m[BaseDriver][39m Shutting down because we waited 1800 seconds for a command
[35m[Appium][39m Closing session, cause was 'New Command Timeout of 1800 seconds expired. Try customizing the timeout using the 'newCommandTimeout' desired capability'
[35m[Appium][39m Removing session 'a57178bc-0716-433f-81c6-ab8de8db89d1' from our master session list
[35m[UiAutomator2][39m Did not get confirmation UiAutomator2 deleteSession worked; Error was: UnknownError: An unknown server-side error occurred while processing the command. Original error: 'DELETE /' cannot be proxied to UiAutomator2 server because the instrumentation process is not running (probably crashed). Check the server log and/or the logcat output for more details
[35m[UiAutomator2][39m Restoring hidden api policy to the device default configuration
